2023-01-19 13:07:47,130 - automation_Framework -INFO - Open commerce URL
2023-01-19 13:07:47,275 - automation_Framework -INFO - Enter user mail
2023-01-19 13:07:47,330 - automation_Framework -INFO - Enter user password
2023-01-19 13:07:47,391 - automation_Framework -INFO - Click on the login button
2023-01-19 13:10:10,149 - automation_Framework -INFO - Open commerce URL
2023-01-19 13:10:10,275 - automation_Framework -INFO - Enter user mail
2023-01-19 13:10:10,333 - automation_Framework -INFO - Enter user password
2023-01-19 13:10:10,379 - automation_Framework -INFO - Click on the login button
2023-01-19 14:31:06,789 - automation_Framework -INFO - Open commerce URL
2023-01-19 14:31:07,055 - automation_Framework -INFO - Enter user mail
2023-01-19 14:31:07,252 - automation_Framework -INFO - Enter user password
2023-01-19 14:31:11,123 - automation_Framework -INFO - Click on the login button
2023-01-19 14:41:51,574 - automation_Framework -INFO - Open commerce URL
2023-01-19 14:41:51,846 - automation_Framework -INFO - Enter user mail
2023-01-19 14:41:52,032 - automation_Framework -INFO - Enter user password
2023-01-19 14:41:57,820 - automation_Framework -INFO - Click on the login button
2023-01-19 14:41:57,843 - automation_Framework -INFO - Login successfully
2023-01-19 15:27:51,279 - automation_Framework -INFO - Open commerce URL
2023-01-19 15:27:51,355 - automation_Framework -INFO - Enter user mail
2023-01-19 15:27:51,409 - automation_Framework -INFO - Enter user password
2023-01-19 15:27:56,157 - automation_Framework -INFO - Click on the login button
2023-01-19 15:31:58,039 - automation_Framework -INFO - Open commerce URL
2023-01-19 15:31:58,113 - automation_Framework -INFO - Enter user mail
2023-01-19 15:31:58,169 - automation_Framework -INFO - Enter user password
2023-01-19 15:32:02,532 - automation_Framework -INFO - Click on the login button
2023-01-19 15:40:20,078 - automation_Framework -INFO - Open commerce URL
2023-01-19 15:40:20,148 - automation_Framework -INFO - Enter user mail
2023-01-19 15:40:20,198 - automation_Framework -INFO - Enter user password
2023-01-19 15:40:23,729 - automation_Framework -INFO - Click on the login button
2023-01-19 15:42:53,932 - automation_Framework -INFO - Open commerce URL
2023-01-19 15:42:54,010 - automation_Framework -INFO - Enter user mail
2023-01-19 15:42:54,067 - automation_Framework -INFO - Enter user password
2023-01-19 15:42:58,152 - automation_Framework -INFO - Click on the login button
2023-01-19 15:50:50,903 - automation_Framework -INFO - Open commerce URL
2023-01-19 15:50:50,983 - automation_Framework -INFO - Enter user mail
2023-01-19 15:50:51,040 - automation_Framework -INFO - Enter user password
2023-01-19 15:50:55,060 - automation_Framework -INFO - Click on the login button
2023-01-19 16:14:59,453 - automation_Framework -INFO - Open commerce URL
2023-01-19 16:14:59,624 - automation_Framework -INFO - Enter user mail
2023-01-19 16:14:59,739 - automation_Framework -INFO - Enter user password
2023-01-19 16:15:04,103 - automation_Framework -INFO - Click on the login button
2023-01-19 16:26:48,671 - automation_Framework -INFO - Open commerce URL
2023-01-19 16:26:48,874 - automation_Framework -INFO - Enter user mail
2023-01-19 16:26:49,053 - automation_Framework -INFO - Enter user password
2023-01-19 16:26:52,934 - automation_Framework -INFO - Click on the login button
2023-01-19 16:38:10,072 - automation_Framework -INFO - Open commerce URL
2023-01-19 16:38:10,195 - automation_Framework -INFO - Enter user mail
2023-01-19 16:38:10,334 - automation_Framework -INFO - Enter user password
2023-01-19 16:38:14,711 - automation_Framework -INFO - Click on the login button
2023-01-19 17:42:00,246 - automation_Framework -INFO - Open commerce URL
2023-01-19 17:42:04,400 - automation_Framework -INFO - Enter user mail
2023-01-19 17:42:06,470 - automation_Framework -INFO - Enter user password
2023-01-19 17:42:10,130 - automation_Framework -INFO - Click on the login button
2023-01-19 17:48:11,331 - automation_Framework -INFO - Open commerce URL
2023-01-19 17:48:15,464 - automation_Framework -INFO - Enter user mail
2023-01-19 17:48:17,523 - automation_Framework -INFO - Enter user password
2023-01-19 17:48:21,342 - automation_Framework -INFO - Click on the login button
2023-01-19 18:11:05,969 - automation_Framework -INFO - Open commerce URL
2023-01-19 18:11:10,260 - automation_Framework -INFO - Enter user mail
2023-01-19 18:11:12,423 - automation_Framework -INFO - Enter user password
2023-01-19 18:11:15,784 - automation_Framework -INFO - Click on the login button
2023-01-19 18:13:13,743 - automation_Framework -INFO - Open commerce URL
2023-01-19 18:13:17,983 - automation_Framework -INFO - Enter user mail
2023-01-19 18:13:20,153 - automation_Framework -INFO - Enter user password
2023-01-19 18:13:23,075 - automation_Framework -INFO - Click on the login button
2023-01-19 18:14:11,373 - automation_Framework -INFO - Open commerce URL
2023-01-19 18:14:15,666 - automation_Framework -INFO - Enter user mail
2023-01-19 18:14:17,824 - automation_Framework -INFO - Enter user password
2023-01-19 18:14:20,519 - automation_Framework -INFO - Click on the login button
2023-01-19 18:15:44,322 - automation_Framework -INFO - Open commerce URL
2023-01-19 18:15:48,624 - automation_Framework -INFO - Enter user mail
2023-01-19 18:15:50,783 - automation_Framework -INFO - Enter user password
2023-01-19 18:15:54,221 - automation_Framework -INFO - Click on the login button
2023-01-19 18:18:38,188 - automation_Framework -INFO - Open commerce URL
2023-01-19 18:18:42,472 - automation_Framework -INFO - Enter user mail
2023-01-19 18:18:44,638 - automation_Framework -INFO - Enter user password
2023-01-19 18:18:48,295 - automation_Framework -INFO - Click on the login button
2023-01-19 23:01:04,664 - automation_Framework -INFO - Open commerce URL
2023-01-19 23:01:08,980 - automation_Framework -INFO - Enter user mail
2023-01-19 23:01:11,172 - automation_Framework -INFO - Enter user password
2023-01-19 23:01:14,335 - automation_Framework -INFO - Click on the login button
2023-01-19 23:31:30,594 - automation_Framework -INFO - Open commerce URL
2023-01-19 23:31:34,680 - automation_Framework -INFO - Enter user mail
2023-01-19 23:31:36,787 - automation_Framework -INFO - Enter user password
2023-01-19 23:31:40,220 - automation_Framework -INFO - Click on the login button
2023-01-23 00:42:56,277 - automation_Framework -INFO - Open commerce URL
2023-01-23 00:43:00,394 - automation_Framework -INFO - Enter user mail
2023-01-23 00:43:02,459 - automation_Framework -INFO - Enter user password
2023-01-23 00:43:07,291 - automation_Framework -INFO - Click on the login button
2023-01-23 00:43:10,503 - automation_Framework -INFO - Mouseover on computer
2023-01-23 00:43:11,977 - automation_Framework -INFO - Product selected
2023-01-23 00:43:26,895 - automation_Framework -INFO - Product selected
2023-01-23 00:52:02,586 - automation_Framework -INFO - Open Ecommerce URL
2023-01-23 00:52:06,683 - automation_Framework -INFO - Enter user mail
2023-01-23 00:52:08,737 - automation_Framework -INFO - Enter user password
2023-01-23 00:52:12,682 - automation_Framework -INFO - Click on the login button
2023-01-23 00:52:15,881 - automation_Framework -INFO - Mouseover on computer
2023-01-23 00:52:17,539 - automation_Framework -INFO - Product selected
2023-01-23 00:52:21,036 - automation_Framework -INFO - Product selected
2023-01-23 00:52:21,146 - automation_Framework -INFO - Add to cart
2023-01-23 00:52:21,751 - automation_Framework -INFO - Verified message
2023-01-23 00:52:21,796 - automation_Framework -INFO - Click on the close tab
2023-01-24 16:50:35,746 - automation_Framework -INFO - Open commerce URL
2023-01-24 16:50:39,859 - automation_Framework -INFO - Enter user mail
2023-01-24 16:50:41,924 - automation_Framework -INFO - Enter user password
2023-01-24 16:50:44,621 - automation_Framework -INFO - Click on the login button
2023-01-24 16:50:51,685 - automation_Framework -INFO - Open Ecommerce URL
2023-01-24 16:50:55,762 - automation_Framework -INFO - Enter user mail
2023-01-24 16:50:57,881 - automation_Framework -INFO - Enter user password
2023-01-24 16:51:02,555 - automation_Framework -INFO - Click on the login button
2023-01-24 16:54:52,666 - automation_Framework -INFO - Open commerce URL
2023-01-24 16:54:56,766 - automation_Framework -INFO - Enter user mail
2023-01-24 16:54:58,913 - automation_Framework -INFO - Enter user password
2023-01-24 16:55:01,585 - automation_Framework -INFO - Click on the login button
2023-01-24 16:55:13,084 - automation_Framework -INFO - Open Ecommerce URL
2023-01-24 16:55:17,160 - automation_Framework -INFO - Enter user mail
2023-01-24 16:55:19,266 - automation_Framework -INFO - Enter user password
2023-01-24 16:55:22,207 - automation_Framework -INFO - Click on the login button
2023-01-24 16:58:06,834 - automation_Framework -INFO - Open commerce URL
2023-01-24 16:58:11,015 - automation_Framework -INFO - Enter user mail
2023-01-24 16:58:13,115 - automation_Framework -INFO - Enter user password
2023-01-24 16:58:15,812 - automation_Framework -INFO - Click on the login button
2023-01-24 17:03:50,754 - automation_Framework -INFO - Open commerce URL
2023-01-24 17:03:54,856 - automation_Framework -INFO - Enter user mail
2023-01-24 17:03:56,934 - automation_Framework -INFO - Enter user password
2023-01-24 17:03:59,623 - automation_Framework -INFO - Click on the login button
2023-01-24 17:04:09,420 - automation_Framework -INFO - Open Ecommerce URL
2023-01-24 17:04:13,499 - automation_Framework -INFO - Enter user mail
2023-01-24 17:18:18,142 - automation_Framework -INFO - Open commerce URL
2023-01-24 17:18:22,226 - automation_Framework -INFO - Enter user mail
2023-01-24 17:18:24,288 - automation_Framework -INFO - Enter user password
2023-01-24 17:18:30,314 - automation_Framework -INFO - Click on the login button
2023-01-24 17:18:33,340 - automation_Framework -INFO - Login successfully
2023-01-24 17:18:38,762 - automation_Framework -INFO - Open Ecommerce URL
2023-01-24 17:18:42,987 - automation_Framework -INFO - Enter user mail
2023-01-24 17:18:45,157 - automation_Framework -INFO - Enter user password
2023-01-24 17:18:51,331 - automation_Framework -INFO - Click on the login button
2023-01-24 17:18:54,540 - automation_Framework -INFO - Mouseover on computer
2023-01-24 17:18:57,777 - automation_Framework -INFO - Product selected
2023-01-24 17:19:00,876 - automation_Framework -INFO - Product selected
2023-01-24 17:19:00,992 - automation_Framework -INFO - Add to cart
2023-01-24 17:19:01,888 - automation_Framework -INFO - Verified message
2023-01-24 17:19:02,027 - automation_Framework -INFO - Click on the close tab
2023-01-27 22:32:40,103 - automation_Framework -INFO - Open url
2023-01-27 22:32:44,355 - automation_Framework -INFO - Enter user mail
2023-01-27 22:32:46,511 - automation_Framework -INFO - Enter user password
2023-01-27 22:32:55,624 - automation_Framework -INFO - Clicked on login button
2023-01-27 22:33:40,115 - automation_Framework -INFO - Open url
2023-01-27 22:33:44,284 - automation_Framework -INFO - Enter user mail
2023-01-27 22:33:46,434 - automation_Framework -INFO - Enter user password
2023-01-27 22:33:50,006 - automation_Framework -INFO - Clicked on login button
2023-01-27 22:33:54,264 - automation_Framework -INFO - Open url
2023-01-27 22:33:58,452 - automation_Framework -INFO - Enter user mail
2023-01-27 22:34:00,608 - automation_Framework -INFO - Enter user password
2023-01-27 22:34:04,135 - automation_Framework -INFO - Clicked on login button
2023-01-27 22:34:07,431 - automation_Framework -INFO - Open url
2023-01-27 22:34:11,627 - automation_Framework -INFO - Enter user mail
2023-01-27 22:34:13,786 - automation_Framework -INFO - Enter user password
2023-01-27 22:34:16,527 - automation_Framework -INFO - Clicked on login button
2023-01-27 22:34:20,859 - automation_Framework -INFO - Open url
2023-01-27 22:34:25,027 - automation_Framework -INFO - Enter user mail
2023-01-27 22:34:27,182 - automation_Framework -INFO - Enter user password
2023-01-27 22:34:29,941 - automation_Framework -INFO - Clicked on login button
2023-01-27 23:04:56,485 - automation_Framework -INFO - Open url
2023-01-27 23:05:00,765 - automation_Framework -INFO - Enter user mail
2023-01-27 23:05:02,932 - automation_Framework -INFO - Enter user password
2023-01-27 23:05:09,408 - automation_Framework -INFO - Clicked on login button
2023-01-27 23:05:33,818 - automation_Framework -INFO - Open url
2023-01-27 23:05:38,001 - automation_Framework -INFO - Enter user mail
2023-01-27 23:05:40,148 - automation_Framework -INFO - Enter user password
2023-01-27 23:05:42,877 - automation_Framework -INFO - Clicked on login button
2023-01-27 23:05:47,076 - automation_Framework -INFO - Open url
2023-01-27 23:05:51,245 - automation_Framework -INFO - Enter user mail
2023-01-27 23:05:53,395 - automation_Framework -INFO - Enter user password
2023-01-27 23:05:56,182 - automation_Framework -INFO - Clicked on login button
2023-01-27 23:06:00,061 - automation_Framework -INFO - Open url
2023-01-27 23:06:04,217 - automation_Framework -INFO - Enter user mail
2023-01-27 23:06:06,366 - automation_Framework -INFO - Enter user password
2023-01-27 23:06:09,082 - automation_Framework -INFO - Clicked on login button
2023-01-27 23:06:12,420 - automation_Framework -INFO - Open url
2023-01-27 23:06:16,620 - automation_Framework -INFO - Enter user mail
2023-01-27 23:06:18,769 - automation_Framework -INFO - Enter user password
2023-01-27 23:06:21,678 - automation_Framework -INFO - Clicked on login button
2023-01-28 11:28:23,366 - automation_Framework -INFO - User created
2023-01-28 18:01:35,519 - automation_Framework -INFO - Open url
2023-01-28 18:01:39,762 - automation_Framework -INFO - Enter user mail
2023-01-28 18:01:41,925 - automation_Framework -INFO - Enter user password
2023-01-28 18:01:45,324 - automation_Framework -INFO - Clicked on login button
2023-01-28 18:01:49,583 - automation_Framework -INFO - Open url
2023-01-28 18:01:53,751 - automation_Framework -INFO - Enter user mail
2023-01-28 18:01:55,917 - automation_Framework -INFO - Enter user password
2023-01-28 18:01:59,449 - automation_Framework -INFO - Clicked on login button
2023-01-28 18:02:03,287 - automation_Framework -INFO - Open url
2023-01-28 18:02:07,442 - automation_Framework -INFO - Enter user mail
2023-01-28 18:02:09,600 - automation_Framework -INFO - Enter user password
2023-01-28 18:02:12,970 - automation_Framework -INFO - Clicked on login button
2023-01-28 18:02:16,337 - automation_Framework -INFO - Open url
2023-01-28 18:02:20,486 - automation_Framework -INFO - Enter user mail
2023-01-28 18:02:22,642 - automation_Framework -INFO - Enter user password
2023-01-28 18:02:26,076 - automation_Framework -INFO - Clicked on login button
2023-01-28 18:02:30,834 - automation_Framework -INFO - Open url
2023-01-28 18:02:34,997 - automation_Framework -INFO - Enter user mail
2023-01-28 18:02:37,161 - automation_Framework -INFO - Enter user password
2023-01-28 18:02:39,904 - automation_Framework -INFO - Clicked on login button
