2023-01-19 13:07:47,130 [main] INFO automation_Framework - Open commerce URL
2023-01-19 13:07:47,275 [main] INFO automation_Framework - Enter user mail
2023-01-19 13:07:47,330 [main] INFO automation_Framework - Enter user password
2023-01-19 13:07:47,391 [main] INFO automation_Framework - Click on the login button
2023-01-19 13:10:10,149 [main] INFO automation_Framework - Open commerce URL
2023-01-19 13:10:10,275 [main] INFO automation_Framework - Enter user mail
2023-01-19 13:10:10,333 [main] INFO automation_Framework - Enter user password
2023-01-19 13:10:10,379 [main] INFO automation_Framework - Click on the login button
2023-01-19 14:31:06,789 [main] INFO automation_Framework - Open commerce URL
2023-01-19 14:31:07,055 [main] INFO automation_Framework - Enter user mail
2023-01-19 14:31:07,252 [main] INFO automation_Framework - Enter user password
2023-01-19 14:31:11,123 [main] INFO automation_Framework - Click on the login button
2023-01-19 14:41:51,574 [main] INFO automation_Framework - Open commerce URL
2023-01-19 14:41:51,846 [main] INFO automation_Framework - Enter user mail
2023-01-19 14:41:52,032 [main] INFO automation_Framework - Enter user password
2023-01-19 14:41:57,820 [main] INFO automation_Framework - Click on the login button
2023-01-19 14:41:57,843 [main] INFO automation_Framework - Login successfully
2023-01-19 15:27:51,279 [main] INFO automation_Framework - Open commerce URL
2023-01-19 15:27:51,355 [main] INFO automation_Framework - Enter user mail
2023-01-19 15:27:51,409 [main] INFO automation_Framework - Enter user password
2023-01-19 15:27:56,157 [main] INFO automation_Framework - Click on the login button
2023-01-19 15:31:58,039 [main] INFO automation_Framework - Open commerce URL
2023-01-19 15:31:58,113 [main] INFO automation_Framework - Enter user mail
2023-01-19 15:31:58,169 [main] INFO automation_Framework - Enter user password
2023-01-19 15:32:02,532 [main] INFO automation_Framework - Click on the login button
2023-01-19 15:40:20,078 [main] INFO automation_Framework - Open commerce URL
2023-01-19 15:40:20,148 [main] INFO automation_Framework - Enter user mail
2023-01-19 15:40:20,198 [main] INFO automation_Framework - Enter user password
2023-01-19 15:40:23,729 [main] INFO automation_Framework - Click on the login button
2023-01-19 15:42:53,932 [main] INFO automation_Framework - Open commerce URL
2023-01-19 15:42:54,010 [main] INFO automation_Framework - Enter user mail
2023-01-19 15:42:54,067 [main] INFO automation_Framework - Enter user password
2023-01-19 15:42:58,152 [main] INFO automation_Framework - Click on the login button
2023-01-19 15:50:50,903 [main] INFO automation_Framework - Open commerce URL
2023-01-19 15:50:50,983 [main] INFO automation_Framework - Enter user mail
2023-01-19 15:50:51,040 [main] INFO automation_Framework - Enter user password
2023-01-19 15:50:55,060 [main] INFO automation_Framework - Click on the login button
2023-01-19 16:14:59,453 [main] INFO automation_Framework - Open commerce URL
2023-01-19 16:14:59,624 [main] INFO automation_Framework - Enter user mail
2023-01-19 16:14:59,739 [main] INFO automation_Framework - Enter user password
2023-01-19 16:15:04,103 [main] INFO automation_Framework - Click on the login button
2023-01-19 16:26:48,671 [main] INFO automation_Framework - Open commerce URL
2023-01-19 16:26:48,874 [main] INFO automation_Framework - Enter user mail
2023-01-19 16:26:49,053 [main] INFO automation_Framework - Enter user password
2023-01-19 16:26:52,934 [main] INFO automation_Framework - Click on the login button
2023-01-19 16:38:10,072 [main] INFO automation_Framework - Open commerce URL
2023-01-19 16:38:10,195 [main] INFO automation_Framework - Enter user mail
2023-01-19 16:38:10,334 [main] INFO automation_Framework - Enter user password
2023-01-19 16:38:14,711 [main] INFO automation_Framework - Click on the login button
2023-01-19 17:42:00,246 [main] INFO automation_Framework - Open commerce URL
2023-01-19 17:42:04,400 [main] INFO automation_Framework - Enter user mail
2023-01-19 17:42:06,470 [main] INFO automation_Framework - Enter user password
2023-01-19 17:42:10,130 [main] INFO automation_Framework - Click on the login button
2023-01-19 17:48:11,331 [main] INFO automation_Framework - Open commerce URL
2023-01-19 17:48:15,464 [main] INFO automation_Framework - Enter user mail
2023-01-19 17:48:17,523 [main] INFO automation_Framework - Enter user password
2023-01-19 17:48:21,342 [main] INFO automation_Framework - Click on the login button
2023-01-19 18:11:05,969 [main] INFO automation_Framework - Open commerce URL
2023-01-19 18:11:10,260 [main] INFO automation_Framework - Enter user mail
2023-01-19 18:11:12,423 [main] INFO automation_Framework - Enter user password
2023-01-19 18:11:15,784 [main] INFO automation_Framework - Click on the login button
2023-01-19 18:13:13,743 [main] INFO automation_Framework - Open commerce URL
2023-01-19 18:13:17,983 [main] INFO automation_Framework - Enter user mail
2023-01-19 18:13:20,153 [main] INFO automation_Framework - Enter user password
2023-01-19 18:13:23,075 [main] INFO automation_Framework - Click on the login button
2023-01-19 18:14:11,373 [main] INFO automation_Framework - Open commerce URL
2023-01-19 18:14:15,666 [main] INFO automation_Framework - Enter user mail
2023-01-19 18:14:17,824 [main] INFO automation_Framework - Enter user password
2023-01-19 18:14:20,519 [main] INFO automation_Framework - Click on the login button
2023-01-19 18:15:44,322 [main] INFO automation_Framework - Open commerce URL
2023-01-19 18:15:48,624 [main] INFO automation_Framework - Enter user mail
2023-01-19 18:15:50,783 [main] INFO automation_Framework - Enter user password
2023-01-19 18:15:54,221 [main] INFO automation_Framework - Click on the login button
2023-01-19 18:18:38,188 [main] INFO automation_Framework - Open commerce URL
2023-01-19 18:18:42,472 [main] INFO automation_Framework - Enter user mail
2023-01-19 18:18:44,638 [main] INFO automation_Framework - Enter user password
2023-01-19 18:18:48,295 [main] INFO automation_Framework - Click on the login button
2023-01-19 23:01:04,664 [main] INFO automation_Framework - Open commerce URL
2023-01-19 23:01:08,980 [main] INFO automation_Framework - Enter user mail
2023-01-19 23:01:11,172 [main] INFO automation_Framework - Enter user password
2023-01-19 23:01:14,335 [main] INFO automation_Framework - Click on the login button
2023-01-19 23:31:30,594 [TestNG-tests-1] INFO automation_Framework - Open commerce URL
2023-01-19 23:31:34,680 [TestNG-tests-1] INFO automation_Framework - Enter user mail
2023-01-19 23:31:36,787 [TestNG-tests-1] INFO automation_Framework - Enter user password
2023-01-19 23:31:40,220 [TestNG-tests-1] INFO automation_Framework - Click on the login button
2023-01-23 00:42:56,277 [main] INFO automation_Framework - Open commerce URL
2023-01-23 00:43:00,394 [main] INFO automation_Framework - Enter user mail
2023-01-23 00:43:02,459 [main] INFO automation_Framework - Enter user password
2023-01-23 00:43:07,291 [main] INFO automation_Framework - Click on the login button
2023-01-23 00:43:10,503 [main] INFO automation_Framework - Mouseover on computer
2023-01-23 00:43:11,977 [main] INFO automation_Framework - Product selected
2023-01-23 00:43:26,895 [main] INFO automation_Framework - Product selected
2023-01-23 00:52:02,586 [main] INFO automation_Framework - Open Ecommerce URL
2023-01-23 00:52:06,683 [main] INFO automation_Framework - Enter user mail
2023-01-23 00:52:08,737 [main] INFO automation_Framework - Enter user password
2023-01-23 00:52:12,682 [main] INFO automation_Framework - Click on the login button
2023-01-23 00:52:15,881 [main] INFO automation_Framework - Mouseover on computer
2023-01-23 00:52:17,539 [main] INFO automation_Framework - Product selected
2023-01-23 00:52:21,036 [main] INFO automation_Framework - Product selected
2023-01-23 00:52:21,146 [main] INFO automation_Framework - Add to cart
2023-01-23 00:52:21,751 [main] INFO automation_Framework - Verified message
2023-01-23 00:52:21,796 [main] INFO automation_Framework - Click on the close tab
2023-01-24 16:50:35,746 [main] INFO automation_Framework - Open commerce URL
2023-01-24 16:50:39,859 [main] INFO automation_Framework - Enter user mail
2023-01-24 16:50:41,924 [main] INFO automation_Framework - Enter user password
2023-01-24 16:50:44,621 [main] INFO automation_Framework - Click on the login button
2023-01-24 16:50:51,685 [main] INFO automation_Framework - Open Ecommerce URL
2023-01-24 16:50:55,762 [main] INFO automation_Framework - Enter user mail
2023-01-24 16:50:57,881 [main] INFO automation_Framework - Enter user password
2023-01-24 16:51:02,555 [main] INFO automation_Framework - Click on the login button
2023-01-24 16:54:52,666 [main] INFO automation_Framework - Open commerce URL
2023-01-24 16:54:56,766 [main] INFO automation_Framework - Enter user mail
2023-01-24 16:54:58,913 [main] INFO automation_Framework - Enter user password
2023-01-24 16:55:01,585 [main] INFO automation_Framework - Click on the login button
2023-01-24 16:55:13,084 [main] INFO automation_Framework - Open Ecommerce URL
2023-01-24 16:55:17,160 [main] INFO automation_Framework - Enter user mail
2023-01-24 16:55:19,266 [main] INFO automation_Framework - Enter user password
2023-01-24 16:55:22,207 [main] INFO automation_Framework - Click on the login button
2023-01-24 16:58:06,834 [main] INFO automation_Framework - Open commerce URL
2023-01-24 16:58:11,015 [main] INFO automation_Framework - Enter user mail
2023-01-24 16:58:13,115 [main] INFO automation_Framework - Enter user password
2023-01-24 16:58:15,812 [main] INFO automation_Framework - Click on the login button
2023-01-24 17:03:50,754 [main] INFO automation_Framework - Open commerce URL
2023-01-24 17:03:54,856 [main] INFO automation_Framework - Enter user mail
2023-01-24 17:03:56,934 [main] INFO automation_Framework - Enter user password
2023-01-24 17:03:59,623 [main] INFO automation_Framework - Click on the login button
2023-01-24 17:04:09,420 [main] INFO automation_Framework - Open Ecommerce URL
2023-01-24 17:04:13,499 [main] INFO automation_Framework - Enter user mail
2023-01-24 17:18:18,142 [main] INFO automation_Framework - Open commerce URL
2023-01-24 17:18:22,226 [main] INFO automation_Framework - Enter user mail
2023-01-24 17:18:24,288 [main] INFO automation_Framework - Enter user password
2023-01-24 17:18:30,314 [main] INFO automation_Framework - Click on the login button
2023-01-24 17:18:33,340 [main] INFO automation_Framework - Login successfully
2023-01-24 17:18:38,762 [main] INFO automation_Framework - Open Ecommerce URL
2023-01-24 17:18:42,987 [main] INFO automation_Framework - Enter user mail
2023-01-24 17:18:45,157 [main] INFO automation_Framework - Enter user password
2023-01-24 17:18:51,331 [main] INFO automation_Framework - Click on the login button
2023-01-24 17:18:54,540 [main] INFO automation_Framework - Mouseover on computer
2023-01-24 17:18:57,777 [main] INFO automation_Framework - Product selected
2023-01-24 17:19:00,876 [main] INFO automation_Framework - Product selected
2023-01-24 17:19:00,992 [main] INFO automation_Framework - Add to cart
2023-01-24 17:19:01,888 [main] INFO automation_Framework - Verified message
2023-01-24 17:19:02,027 [main] INFO automation_Framework - Click on the close tab
2023-01-27 22:32:40,103 [main] INFO automation_Framework - Open url
2023-01-27 22:32:44,355 [main] INFO automation_Framework - Enter user mail
2023-01-27 22:32:46,511 [main] INFO automation_Framework - Enter user password
2023-01-27 22:32:55,624 [main] INFO automation_Framework - Clicked on login button
2023-01-27 22:33:40,115 [main] INFO automation_Framework - Open url
2023-01-27 22:33:44,284 [main] INFO automation_Framework - Enter user mail
2023-01-27 22:33:46,434 [main] INFO automation_Framework - Enter user password
2023-01-27 22:33:50,006 [main] INFO automation_Framework - Clicked on login button
2023-01-27 22:33:54,264 [main] INFO automation_Framework - Open url
2023-01-27 22:33:58,452 [main] INFO automation_Framework - Enter user mail
2023-01-27 22:34:00,608 [main] INFO automation_Framework - Enter user password
2023-01-27 22:34:04,135 [main] INFO automation_Framework - Clicked on login button
2023-01-27 22:34:07,431 [main] INFO automation_Framework - Open url
2023-01-27 22:34:11,627 [main] INFO automation_Framework - Enter user mail
2023-01-27 22:34:13,786 [main] INFO automation_Framework - Enter user password
2023-01-27 22:34:16,527 [main] INFO automation_Framework - Clicked on login button
2023-01-27 22:34:20,859 [main] INFO automation_Framework - Open url
2023-01-27 22:34:25,027 [main] INFO automation_Framework - Enter user mail
2023-01-27 22:34:27,182 [main] INFO automation_Framework - Enter user password
2023-01-27 22:34:29,941 [main] INFO automation_Framework - Clicked on login button
2023-01-27 23:04:56,485 [main] INFO automation_Framework - Open url
2023-01-27 23:05:00,765 [main] INFO automation_Framework - Enter user mail
2023-01-27 23:05:02,932 [main] INFO automation_Framework - Enter user password
2023-01-27 23:05:09,408 [main] INFO automation_Framework - Clicked on login button
2023-01-27 23:05:33,818 [main] INFO automation_Framework - Open url
2023-01-27 23:05:38,001 [main] INFO automation_Framework - Enter user mail
2023-01-27 23:05:40,148 [main] INFO automation_Framework - Enter user password
2023-01-27 23:05:42,877 [main] INFO automation_Framework - Clicked on login button
2023-01-27 23:05:47,076 [main] INFO automation_Framework - Open url
2023-01-27 23:05:51,245 [main] INFO automation_Framework - Enter user mail
2023-01-27 23:05:53,395 [main] INFO automation_Framework - Enter user password
2023-01-27 23:05:56,182 [main] INFO automation_Framework - Clicked on login button
2023-01-27 23:06:00,061 [main] INFO automation_Framework - Open url
2023-01-27 23:06:04,217 [main] INFO automation_Framework - Enter user mail
2023-01-27 23:06:06,366 [main] INFO automation_Framework - Enter user password
2023-01-27 23:06:09,082 [main] INFO automation_Framework - Clicked on login button
2023-01-27 23:06:12,420 [main] INFO automation_Framework - Open url
2023-01-27 23:06:16,620 [main] INFO automation_Framework - Enter user mail
2023-01-27 23:06:18,769 [main] INFO automation_Framework - Enter user password
2023-01-27 23:06:21,678 [main] INFO automation_Framework - Clicked on login button
2023-01-28 11:28:23,366 [main] INFO automation_Framework - User created
2023-01-28 18:01:35,519 [main] INFO automation_Framework - Open url
2023-01-28 18:01:39,762 [main] INFO automation_Framework - Enter user mail
2023-01-28 18:01:41,925 [main] INFO automation_Framework - Enter user password
2023-01-28 18:01:45,324 [main] INFO automation_Framework - Clicked on login button
2023-01-28 18:01:49,583 [main] INFO automation_Framework - Open url
2023-01-28 18:01:53,751 [main] INFO automation_Framework - Enter user mail
2023-01-28 18:01:55,917 [main] INFO automation_Framework - Enter user password
2023-01-28 18:01:59,449 [main] INFO automation_Framework - Clicked on login button
2023-01-28 18:02:03,287 [main] INFO automation_Framework - Open url
2023-01-28 18:02:07,442 [main] INFO automation_Framework - Enter user mail
2023-01-28 18:02:09,600 [main] INFO automation_Framework - Enter user password
2023-01-28 18:02:12,970 [main] INFO automation_Framework - Clicked on login button
2023-01-28 18:02:16,337 [main] INFO automation_Framework - Open url
2023-01-28 18:02:20,486 [main] INFO automation_Framework - Enter user mail
2023-01-28 18:02:22,642 [main] INFO automation_Framework - Enter user password
2023-01-28 18:02:26,076 [main] INFO automation_Framework - Clicked on login button
2023-01-28 18:02:30,834 [main] INFO automation_Framework - Open url
2023-01-28 18:02:34,997 [main] INFO automation_Framework - Enter user mail
2023-01-28 18:02:37,161 [main] INFO automation_Framework - Enter user password
2023-01-28 18:02:39,904 [main] INFO automation_Framework - Clicked on login button
